[1128/183717.052:ERROR:process_memory_win.cc(73)] ReadMemory at 0x2233fb50000 of 64 bytes failed: Only part of a ReadProcessMemory or WriteProcessMemory request was completed. (0x12B)
[1128/183717.073:WARNING:pe_image_reader.cc(340)] could not read dos header from C:\WINDOWS\System32\USER32.dll
[1128/183717.075:ERROR:process_memory_win.cc(73)] ReadMemory at 0x2233f8f3a70 of 72 bytes failed: Only part of a ReadProcessMemory or WriteProcessMemory request was completed. (0x12B)
[1128/183717.075:WARNING:pe_image_annotations_reader.cc(134)] could not read annotations list object in C:\Program Files (x86)\Google\Chrome\Application\78.0.3904.97\chrome_elf.dll
[1128/183717.075:ERROR:process_memory_win.cc(73)] ReadMemory at 0x2233ff06e80 of 72 bytes failed: Only part of a ReadProcessMemory or WriteProcessMemory request was completed. (0x12B)
[1128/183717.076:WARNING:pe_image_annotations_reader.cc(134)] could not read annotations list object in C:\Program Files (x86)\Google\Chrome\Application\78.0.3904.97\chrome_child.dll
[1128/183717.078:ERROR:process_memory_win.cc(73)] ReadMemory at 0x2233fb50000 of 64 bytes failed: Only part of a ReadProcessMemory or WriteProcessMemory request was completed. (0x12B)
[1128/183717.078:WARNING:pe_image_reader.cc(340)] could not read dos header from C:\WINDOWS\System32\USER32.dll
[1128/183717.078:ERROR:process_memory_win.cc(73)] ReadMemory at 0x2233fb50000 of 64 bytes failed: Only part of a ReadProcessMemory or WriteProcessMemory request was completed. (0x12B)
[1128/183717.078:WARNING:pe_image_reader.cc(340)] could not read dos header from C:\WINDOWS\System32\USER32.dll
[1128/184053.074:ERROR:process_memory_win.cc(73)] ReadMemory at 0x7ff7714d0000 of 64 bytes failed: Only part of a ReadProcessMemory or WriteProcessMemory request was completed. (0x12B)
[1128/184053.074:WARNING:pe_image_reader.cc(340)] could not read dos header from C:\Program Files (x86)\Google\Chrome\Application\chrome.exe
[1128/184053.074:ERROR:process_memory_win.cc(73)] ReadMemory at 0x7ff8c08e0000 of 64 bytes failed: Only part of a ReadProcessMemory or WriteProcessMemory request was completed. (0x12B)
[1128/184053.074:WARNING:pe_image_reader.cc(340)] could not read dos header from C:\WINDOWS\SYSTEM32\ntdll.dll
[1128/184053.074:ERROR:process_memory_win.cc(73)] ReadMemory at 0x7ff8c0570000 of 64 bytes failed: Only part of a ReadProcessMemory or WriteProcessMemory request was completed. (0x12B)
[1128/184053.074:WARNING:pe_image_reader.cc(340)] could not read dos header from C:\WINDOWS\System32\KERNEL32.dll
[1128/184053.074:ERROR:process_memory_win.cc(73)] ReadMemory at 0x7ff8bda80000 of 64 bytes failed: Only part of a ReadProcessMemory or WriteProcessMemory request was completed. (0x12B)
[1128/184053.074:WARNING:pe_image_reader.cc(340)] could not read dos header from C:\WINDOWS\System32\KERNELBASE.dll
[1128/184053.074:ERROR:process_memory_win.cc(73)] ReadMemory at 0x7ff8b4320000 of 64 bytes failed: Only part of a ReadProcessMemory or WriteProcessMemory request was completed. (0x12B)
[1128/184053.074:WARNING:pe_image_reader.cc(340)] could not read dos header from C:\Program Files (x86)\Google\Chrome\Application\78.0.3904.97\chrome_elf.dll
[1128/184053.074:ERROR:process_memory_win.cc(73)] ReadMemory at 0x7ff8b82f0000 of 64 bytes failed: Only part of a ReadProcessMemory or WriteProcessMemory request was completed. (0x12B)
[1128/184053.074:WARNING:pe_image_reader.cc(340)] could not read dos header from C:\WINDOWS\SYSTEM32\VERSION.dll
[1128/184053.074:ERROR:process_memory_win.cc(73)] ReadMemory at 0x7ff8bf800000 of 64 bytes failed: Only part of a ReadProcessMemory or WriteProcessMemory request was completed. (0x12B)
[1128/184053.074:WARNING:pe_image_reader.cc(340)] could not read dos header from C:\WINDOWS\System32\msvcrt.dll
[1128/184053.074:ERROR:process_memory_win.cc(73)] ReadMemory at 0x7ff8bd8a0000 of 64 bytes failed: Only part of a ReadProcessMemory or WriteProcessMemory request was completed. (0x12B)
[1128/184053.075:WARNING:pe_image_reader.cc(340)] could not read dos header from C:\WINDOWS\System32\bcryptPrimitives.dll
[1128/184053.075:ERROR:process_memory_win.cc(73)] ReadMemory at 0x7ff8bfc60000 of 64 bytes failed: Only part of a ReadProcessMemory or WriteProcessMemory request was completed. (0x12B)
[1128/184053.075:WARNING:pe_image_reader.cc(340)] could not read dos header from C:\WINDOWS\System32\ADVAPI32.dll
[1128/184053.075:ERROR:process_memory_win.cc(73)] ReadMemory at 0x7ff8c01f0000 of 64 bytes failed: Only part of a ReadProcessMemory or WriteProcessMemory request was completed. (0x12B)
[1128/184053.075:WARNING:pe_image_reader.cc(340)] could not read dos header from C:\WINDOWS\System32\sechost.dll
[1128/184053.075:ERROR:process_memory_win.cc(73)] ReadMemory at 0x7ff8bfb40000 of 64 bytes failed: Only part of a ReadProcessMemory or WriteProcessMemory request was completed. (0x12B)
[1128/184053.075:WARNING:pe_image_reader.cc(340)] could not read dos header from C:\WINDOWS\System32\RPCRT4.dll
[1128/184053.075:ERROR:process_memory_win.cc(73)] ReadMemory at 0x7ff85ddb0000 of 64 bytes failed: Only part of a ReadProcessMemory or WriteProcessMemory request was completed. (0x12B)
[1128/184053.075:WARNING:pe_image_reader.cc(340)] could not read dos header from C:\Program Files (x86)\Google\Chrome\Application\78.0.3904.97\chrome_child.dll
[1128/184053.076:ERROR:process_memory_win.cc(73)] ReadMemory at 0x7ff8c07d0000 of 64 bytes failed: Only part of a ReadProcessMemory or WriteProcessMemory request was completed. (0x12B)
[1128/184053.076:WARNING:pe_image_reader.cc(340)] could not read dos header from C:\WINDOWS\System32\OLEAUT32.dll
[1128/184053.076:ERROR:process_memory_win.cc(73)] ReadMemory at 0x7ff8bdd30000 of 64 bytes failed: Only part of a ReadProcessMemory or WriteProcessMemory request was completed. (0x12B)
[1128/184053.076:WARNING:pe_image_reader.cc(340)] could not read dos header from C:\WINDOWS\System32\msvcp_win.dll
[1128/184053.076:ERROR:process_memory_win.cc(73)] ReadMemory at 0x7ff8be740000 of 64 bytes failed: Only part of a ReadProcessMemory or WriteProcessMemory request was completed. (0x12B)
[1128/184053.076:WARNING:pe_image_reader.cc(340)] could not read dos header from C:\WINDOWS\System32\ucrtbase.dll
[1128/184053.076:ERROR:process_memory_win.cc(73)] ReadMemory at 0x7ff8bf1c0000 of 64 bytes failed: Only part of a ReadProcessMemory or WriteProcessMemory request was completed. (0x12B)
[1128/184053.076:WARNING:pe_image_reader.cc(340)] could not read dos header from C:\WINDOWS\System32\combase.dll
[1128/184053.076:ERROR:process_memory_win.cc(73)] ReadMemory at 0x7ff8bfd10000 of 64 bytes failed: Only part of a ReadProcessMemory or WriteProcessMemory request was completed. (0x12B)
[1128/184053.076:WARNING:pe_image_reader.cc(340)] could not read dos header from C:\WINDOWS\System32\WS2_32.dll
[1128/184053.076:ERROR:process_memory_win.cc(73)] ReadMemory at 0x7ff8bda00000 of 64 bytes failed: Only part of a ReadProcessMemory or WriteProcessMemory request was completed. (0x12B)
[1128/184053.076:WARNING:pe_image_reader.cc(340)] could not read dos header from C:\WINDOWS\System32\WINTRUST.dll
[1128/184053.076:ERROR:process_memory_win.cc(73)] ReadMemory at 0x7ff8bd7e0000 of 64 bytes failed: Only part of a ReadProcessMemory or WriteProcessMemory request was completed. (0x12B)
[1128/184053.076:WARNING:pe_image_reader.cc(340)] could not read dos header from C:\WINDOWS\System32\MSASN1.dll
[1128/184053.076:ERROR:process_memory_win.cc(73)] ReadMemory at 0x7ff8be840000 of 64 bytes failed: Only part of a ReadProcessMemory or WriteProcessMemory request was completed. (0x12B)
[1128/184053.077:WARNING:pe_image_reader.cc(340)] could not read dos header from C:\WINDOWS\System32\CRYPT32.dll
[1128/184053.077:ERROR:process_memory_win.cc(73)] ReadMemory at 0x7ff8bccd0000 of 64 bytes failed: Only part of a ReadProcessMemory or WriteProcessMemory request was completed. (0x12B)
[1128/184053.077:WARNING:pe_image_reader.cc(340)] could not read dos header from C:\WINDOWS\SYSTEM32\IPHLPAPI.DLL
[1128/184053.077:ERROR:process_memory_win.cc(73)] ReadMemory at 0x7ff8bb470000 of 64 bytes failed: Only part of a ReadProcessMemory or WriteProcessMemory request was completed. (0x12B)
[1128/184053.077:WARNING:pe_image_reader.cc(340)] could not read dos header from C:\WINDOWS\SYSTEM32\WINMM.dll
[1128/184053.077:ERROR:process_memory_win.cc(73)] ReadMemory at 0x7ff8bd6a0000 of 64 bytes failed: Only part of a ReadProcessMemory or WriteProcessMemory request was completed. (0x12B)
[1128/184053.077:WARNING:pe_image_reader.cc(340)] could not read dos header from C:\WINDOWS\SYSTEM32\USERENV.dll
[1128/184053.077:ERROR:process_memory_win.cc(73)] ReadMemory at 0x7ff8bd800000 of 64 bytes failed: Only part of a ReadProcessMemory or WriteProcessMemory request was completed. (0x12B)
[1128/184053.077:WARNING:pe_image_reader.cc(340)] could not read dos header from C:\WINDOWS\System32\profapi.dll
[1128/184053.077:ERROR:process_memory_win.cc(73)] ReadMemory at 0x7ff8a28a0000 of 64 bytes failed: Only part of a ReadProcessMemory or WriteProcessMemory request was completed. (0x12B)
[1128/184053.077:WARNING:pe_image_reader.cc(340)] could not read dos header from C:\WINDOWS\SYSTEM32\DWrite.dll
[1128/184053.077:ERROR:process_memory_win.cc(73)] ReadMemory at 0x7ff8acb30000 of 64 bytes failed: Only part of a ReadProcessMemory or WriteProcessMemory request was completed. (0x12B)
[1128/184053.077:WARNING:pe_image_reader.cc(340)] could not read dos header from C:\WINDOWS\SYSTEM32\WINSPOOL.DRV
[1128/184053.077:ERROR:process_memory_win.cc(73)] ReadMemory at 0x7ff8bd7c0000 of 64 bytes failed: Only part of a ReadProcessMemory or WriteProcessMemory request was completed. (0x12B)
[1128/184053.077:WARNING:pe_image_reader.cc(340)] could not read dos header from C:\WINDOWS\System32\kernel.appcore.dll
[1128/184053.077:ERROR:process_memory_win.cc(73)] ReadMemory at 0x7ff8bd920000 of 64 bytes failed: Only part of a ReadProcessMemory or WriteProcessMemory request was completed. (0x12B)
[1128/184053.078:WARNING:pe_image_reader.cc(340)] could not read dos header from C:\WINDOWS\System32\bcrypt.dll
[1128/184053.078:ERROR:process_memory_win.cc(73)] ReadMemory at 0x7ff8bc120000 of 64 bytes failed: Only part of a ReadProcessMemory or WriteProcessMemory request was completed. (0x12B)
[1128/184053.078:WARNING:pe_image_reader.cc(340)] could not read dos header from C:\WINDOWS\SYSTEM32\dbghelp.dll
[1128/184053.078:ERROR:process_memory_win.cc(73)] ReadMemory at 0x7ff8ad860000 of 64 bytes failed: Only part of a ReadProcessMemory or WriteProcessMemory request was completed. (0x12B)
[1128/184053.078:WARNING:pe_image_reader.cc(340)] could not read dos header from C:\WINDOWS\SYSTEM32\Secur32.dll
[1128/184053.078:ERROR:process_memory_win.cc(73)] ReadMemory at 0x7ff8b3f10000 of 64 bytes failed: Only part of a ReadProcessMemory or WriteProcessMemory request was completed. (0x12B)
[1128/184053.078:WARNING:pe_image_reader.cc(340)] could not read dos header from C:\WINDOWS\SYSTEM32\WINHTTP.dll
[1128/184053.078:ERROR:process_memory_win.cc(73)] ReadMemory at 0x7ff8b8930000 of 64 bytes failed: Only part of a ReadProcessMemory or WriteProcessMemory request was completed. (0x12B)
[1128/184053.078:WARNING:pe_image_reader.cc(340)] could not read dos header from C:\WINDOWS\SYSTEM32\dhcpcsvc.DLL
[1128/184053.078:ERROR:process_memory_win.cc(73)] ReadMemory at 0x7ff8bfb30000 of 64 bytes failed: Only part of a ReadProcessMemory or WriteProcessMemory request was completed. (0x12B)
[1128/184053.078:WARNING:pe_image_reader.cc(340)] could not read dos header from C:\WINDOWS\System32\NSI.dll
[1128/184053.078:ERROR:process_memory_win.cc(73)] ReadMemory at 0x7ff8bb440000 of 64 bytes failed: Only part of a ReadProcessMemory or WriteProcessMemory request was completed. (0x12B)
[1128/184053.078:WARNING:pe_image_reader.cc(340)] could not read dos header from C:\WINDOWS\SYSTEM32\WINMMBASE.dll
[1128/184053.079:ERROR:process_memory_win.cc(73)] ReadMemory at 0x7ff8bddd0000 of 64 bytes failed: Only part of a ReadProcessMemory or WriteProcessMemory request was completed. (0x12B)
[1128/184053.079:WARNING:pe_image_reader.cc(340)] could not read dos header from C:\WINDOWS\System32\cfgmgr32.dll
[1128/184053.079:ERROR:process_memory_win.cc(73)] ReadMemory at 0x7ff8b9680000 of 64 bytes failed: Only part of a ReadProcessMemory or WriteProcessMemory request was completed. (0x12B)
[1128/184053.079:WARNING:pe_image_reader.cc(340)] could not read dos header from C:\WINDOWS\SYSTEM32\PROPSYS.dll
[1128/184053.079:ERROR:process_memory_win.cc(73)] ReadMemory at 0x7ff8bf500000 of 64 bytes failed: Only part of a ReadProcessMemory or WriteProcessMemory request was completed. (0x12B)
[1128/184053.079:WARNING:pe_image_reader.cc(340)] could not read dos header from C:\WINDOWS\System32\shcore.dll
[1128/184053.079:ERROR:process_memory_win.cc(73)] ReadMemory at 0x7ff8bd6d0000 of 64 bytes failed: Only part of a ReadProcessMemory or WriteProcessMemory request was completed. (0x12B)
[1128/184053.079:WARNING:pe_image_reader.cc(340)] could not read dos header from C:\WINDOWS\SYSTEM32\SSPICLI.DLL
[1128/184053.079:ERROR:process_memory_win.cc(73)] ReadMemory at 0x7ff8bf970000 of 64 bytes failed: Only part of a ReadProcessMemory or WriteProcessMemory request was completed. (0x12B)
[1128/184053.079:WARNING:pe_image_reader.cc(340)] could not read dos header from C:\WINDOWS\System32\ole32.dll
[1128/184053.079:ERROR:process_memory_win.cc(73)] ReadMemory at 0x7ff8bf7d0000 of 64 bytes failed: Only part of a ReadProcessMemory or WriteProcessMemory request was completed. (0x12B)
[1128/184053.079:WARNING:pe_image_reader.cc(340)] could not read dos header from C:\WINDOWS\System32\GDI32.dll
[1128/184053.079:ERROR:process_memory_win.cc(73)] ReadMemory at 0x7ff8bd870000 of 64 bytes failed: Only part of a ReadProcessMemory or WriteProcessMemory request was completed. (0x12B)
[1128/184053.079:WARNING:pe_image_reader.cc(340)] could not read dos header from C:\WINDOWS\System32\win32u.dll
[1128/184053.080:ERROR:process_memory_win.cc(73)] ReadMemory at 0x7ff8bde20000 of 64 bytes failed: Only part of a ReadProcessMemory or WriteProcessMemory request was completed. (0x12B)
[1128/184053.080:WARNING:pe_image_reader.cc(340)] could not read dos header from C:\WINDOWS\System32\gdi32full.dll
[1128/184053.080:ERROR:process_memory_win.cc(73)] ReadMemory at 0x2233fb50000 of 64 bytes failed: Only part of a ReadProcessMemory or WriteProcessMemory request was completed. (0x12B)
[1128/184053.080:WARNING:pe_image_reader.cc(340)] could not read dos header from C:\WINDOWS\System32\USER32.dll
[1128/184053.080:ERROR:process_memory_win.cc(73)] ReadMemory at 0x7ff8c04a0000 of 64 bytes failed: Only part of a ReadProcessMemory or WriteProcessMemory request was completed. (0x12B)
[1128/184053.080:WARNING:pe_image_reader.cc(340)] could not read dos header from C:\WINDOWS\System32\IMM32.DLL
[1128/184053.080:ERROR:process_memory_win.cc(73)] ReadMemory at 0x7ff8bd190000 of 64 bytes failed: Only part of a ReadProcessMemory or WriteProcessMemory request was completed. (0x12B)
[1128/184053.080:WARNING:pe_image_reader.cc(340)] could not read dos header from C:\WINDOWS\SYSTEM32\CRYPTBASE.DLL
[1128/184053.080:ERROR:process_memory_win.cc(73)] ReadMemory at 0x7ff7714d0000 of 64 bytes failed: Only part of a ReadProcessMemory or WriteProcessMemory request was completed. (0x12B)
[1128/184053.080:WARNING:pe_image_reader.cc(340)] could not read dos header from C:\Program Files (x86)\Google\Chrome\Application\chrome.exe
[1128/184053.080:ERROR:process_memory_win.cc(73)] ReadMemory at 0x7ff8c08e0000 of 64 bytes failed: Only part of a ReadProcessMemory or WriteProcessMemory request was completed. (0x12B)
[1128/184053.080:WARNING:pe_image_reader.cc(340)] could not read dos header from C:\WINDOWS\SYSTEM32\ntdll.dll
[1128/184053.080:ERROR:process_memory_win.cc(73)] ReadMemory at 0x7ff8c0570000 of 64 bytes failed: Only part of a ReadProcessMemory or WriteProcessMemory request was completed. (0x12B)
[1128/184053.080:WARNING:pe_image_reader.cc(340)] could not read dos header from C:\WINDOWS\System32\KERNEL32.dll
[1128/184053.080:ERROR:process_memory_win.cc(73)] ReadMemory at 0x7ff8bda80000 of 64 bytes failed: Only part of a ReadProcessMemory or WriteProcessMemory request was completed. (0x12B)
[1128/184053.080:WARNING:pe_image_reader.cc(340)] could not read dos header from C:\WINDOWS\System32\KERNELBASE.dll
[1128/184053.081:ERROR:process_memory_win.cc(73)] ReadMemory at 0x7ff8b4320000 of 64 bytes failed: Only part of a ReadProcessMemory or WriteProcessMemory request was completed. (0x12B)
[1128/184053.081:WARNING:pe_image_reader.cc(340)] could not read dos header from C:\Program Files (x86)\Google\Chrome\Application\78.0.3904.97\chrome_elf.dll
[1128/184053.081:ERROR:process_memory_win.cc(73)] ReadMemory at 0x7ff8b82f0000 of 64 bytes failed: Only part of a ReadProcessMemory or WriteProcessMemory request was completed. (0x12B)
[1128/184053.081:WARNING:pe_image_reader.cc(340)] could not read dos header from C:\WINDOWS\SYSTEM32\VERSION.dll
[1128/184053.081:ERROR:process_memory_win.cc(73)] ReadMemory at 0x7ff8bf800000 of 64 bytes failed: Only part of a ReadProcessMemory or WriteProcessMemory request was completed. (0x12B)
[1128/184053.081:WARNING:pe_image_reader.cc(340)] could not read dos header from C:\WINDOWS\System32\msvcrt.dll
[1128/184053.081:ERROR:process_memory_win.cc(73)] ReadMemory at 0x7ff8bd8a0000 of 64 bytes failed: Only part of a ReadProcessMemory or WriteProcessMemory request was completed. (0x12B)
[1128/184053.081:WARNING:pe_image_reader.cc(340)] could not read dos header from C:\WINDOWS\System32\bcryptPrimitives.dll
[1128/184053.081:ERROR:process_memory_win.cc(73)] ReadMemory at 0x7ff8bfc60000 of 64 bytes failed: Only part of a ReadProcessMemory or WriteProcessMemory request was completed. (0x12B)
[1128/184053.081:WARNING:pe_image_reader.cc(340)] could not read dos header from C:\WINDOWS\System32\ADVAPI32.dll
[1128/184053.081:ERROR:process_memory_win.cc(73)] ReadMemory at 0x7ff8c01f0000 of 64 bytes failed: Only part of a ReadProcessMemory or WriteProcessMemory request was completed. (0x12B)
[1128/184053.081:WARNING:pe_image_reader.cc(340)] could not read dos header from C:\WINDOWS\System32\sechost.dll
[1128/184053.081:ERROR:process_memory_win.cc(73)] ReadMemory at 0x7ff8bfb40000 of 64 bytes failed: Only part of a ReadProcessMemory or WriteProcessMemory request was completed. (0x12B)
[1128/184053.081:WARNING:pe_image_reader.cc(340)] could not read dos header from C:\WINDOWS\System32\RPCRT4.dll
[1128/184053.081:ERROR:process_memory_win.cc(73)] ReadMemory at 0x7ff85ddb0000 of 64 bytes failed: Only part of a ReadProcessMemory or WriteProcessMemory request was completed. (0x12B)
[1128/184053.081:WARNING:pe_image_reader.cc(340)] could not read dos header from C:\Program Files (x86)\Google\Chrome\Application\78.0.3904.97\chrome_child.dll
[1128/184053.082:ERROR:process_memory_win.cc(73)] ReadMemory at 0x7ff8c07d0000 of 64 bytes failed: Only part of a ReadProcessMemory or WriteProcessMemory request was completed. (0x12B)
[1128/184053.082:WARNING:pe_image_reader.cc(340)] could not read dos header from C:\WINDOWS\System32\OLEAUT32.dll
[1128/184053.082:ERROR:process_memory_win.cc(73)] ReadMemory at 0x7ff8bdd30000 of 64 bytes failed: Only part of a ReadProcessMemory or WriteProcessMemory request was completed. (0x12B)
[1128/184053.082:WARNING:pe_image_reader.cc(340)] could not read dos header from C:\WINDOWS\System32\msvcp_win.dll
[1128/184053.082:ERROR:process_memory_win.cc(73)] ReadMemory at 0x7ff8be740000 of 64 bytes failed: Only part of a ReadProcessMemory or WriteProcessMemory request was completed. (0x12B)
[1128/184053.082:WARNING:pe_image_reader.cc(340)] could not read dos header from C:\WINDOWS\System32\ucrtbase.dll
[1128/184053.082:ERROR:process_memory_win.cc(73)] ReadMemory at 0x7ff8bf1c0000 of 64 bytes failed: Only part of a ReadProcessMemory or WriteProcessMemory request was completed. (0x12B)
[1128/184053.082:WARNING:pe_image_reader.cc(340)] could not read dos header from C:\WINDOWS\System32\combase.dll
[1128/184053.082:ERROR:process_memory_win.cc(73)] ReadMemory at 0x7ff8bfd10000 of 64 bytes failed: Only part of a ReadProcessMemory or WriteProcessMemory request was completed. (0x12B)
[1128/184053.082:WARNING:pe_image_reader.cc(340)] could not read dos header from C:\WINDOWS\System32\WS2_32.dll
[1128/184053.082:ERROR:process_memory_win.cc(73)] ReadMemory at 0x7ff8bda00000 of 64 bytes failed: Only part of a ReadProcessMemory or WriteProcessMemory request was completed. (0x12B)
[1128/184053.082:WARNING:pe_image_reader.cc(340)] could not read dos header from C:\WINDOWS\System32\WINTRUST.dll
[1128/184053.082:ERROR:process_memory_win.cc(73)] ReadMemory at 0x7ff8bd7e0000 of 64 bytes failed: Only part of a ReadProcessMemory or WriteProcessMemory request was completed. (0x12B)
[1128/184053.082:WARNING:pe_image_reader.cc(340)] could not read dos header from C:\WINDOWS\System32\MSASN1.dll
[1128/184053.083:ERROR:process_memory_win.cc(73)] ReadMemory at 0x7ff8be840000 of 64 bytes failed: Only part of a ReadProcessMemory or WriteProcessMemory request was completed. (0x12B)
[1128/184053.083:WARNING:pe_image_reader.cc(340)] could not read dos header from C:\WINDOWS\System32\CRYPT32.dll
[1128/184053.083:ERROR:process_memory_win.cc(73)] ReadMemory at 0x7ff8bccd0000 of 64 bytes failed: Only part of a ReadProcessMemory or WriteProcessMemory request was completed. (0x12B)
[1128/184053.083:WARNING:pe_image_reader.cc(340)] could not read dos header from C:\WINDOWS\SYSTEM32\IPHLPAPI.DLL
[1128/184053.083:ERROR:process_memory_win.cc(73)] ReadMemory at 0x7ff8bb470000 of 64 bytes failed: Only part of a ReadProcessMemory or WriteProcessMemory request was completed. (0x12B)
[1128/184053.083:WARNING:pe_image_reader.cc(340)] could not read dos header from C:\WINDOWS\SYSTEM32\WINMM.dll
[1128/184053.083:ERROR:process_memory_win.cc(73)] ReadMemory at 0x7ff8bd6a0000 of 64 bytes failed: Only part of a ReadProcessMemory or WriteProcessMemory request was completed. (0x12B)
[1128/184053.083:WARNING:pe_image_reader.cc(340)] could not read dos header from C:\WINDOWS\SYSTEM32\USERENV.dll
[1128/184053.083:ERROR:process_memory_win.cc(73)] ReadMemory at 0x7ff8bd800000 of 64 bytes failed: Only part of a ReadProcessMemory or WriteProcessMemory request was completed. (0x12B)
[1128/184053.083:WARNING:pe_image_reader.cc(340)] could not read dos header from C:\WINDOWS\System32\profapi.dll
[1128/184053.083:ERROR:process_memory_win.cc(73)] ReadMemory at 0x7ff8a28a0000 of 64 bytes failed: Only part of a ReadProcessMemory or WriteProcessMemory request was completed. (0x12B)
[1128/184053.083:WARNING:pe_image_reader.cc(340)] could not read dos header from C:\WINDOWS\SYSTEM32\DWrite.dll
[1128/184053.083:ERROR:process_memory_win.cc(73)] ReadMemory at 0x7ff8acb30000 of 64 bytes failed: Only part of a ReadProcessMemory or WriteProcessMemory request was completed. (0x12B)
[1128/184053.083:WARNING:pe_image_reader.cc(340)] could not read dos header from C:\WINDOWS\SYSTEM32\WINSPOOL.DRV
[1128/184053.083:ERROR:process_memory_win.cc(73)] ReadMemory at 0x7ff8bd7c0000 of 64 bytes failed: Only part of a ReadProcessMemory or WriteProcessMemory request was completed. (0x12B)
[1128/184053.083:WARNING:pe_image_reader.cc(340)] could not read dos header from C:\WINDOWS\System32\kernel.appcore.dll
[1128/184053.083:ERROR:process_memory_win.cc(73)] ReadMemory at 0x7ff8bd920000 of 64 bytes failed: Only part of a ReadProcessMemory or WriteProcessMemory request was completed. (0x12B)
[1128/184053.084:WARNING:pe_image_reader.cc(340)] could not read dos header from C:\WINDOWS\System32\bcrypt.dll
[1128/184053.084:ERROR:process_memory_win.cc(73)] ReadMemory at 0x7ff8bc120000 of 64 bytes failed: Only part of a ReadProcessMemory or WriteProcessMemory request was completed. (0x12B)
[1128/184053.084:WARNING:pe_image_reader.cc(340)] could not read dos header from C:\WINDOWS\SYSTEM32\dbghelp.dll
[1128/184053.084:ERROR:process_memory_win.cc(73)] ReadMemory at 0x7ff8ad860000 of 64 bytes failed: Only part of a ReadProcessMemory or WriteProcessMemory request was completed. (0x12B)
[1128/184053.084:WARNING:pe_image_reader.cc(340)] could not read dos header from C:\WINDOWS\SYSTEM32\Secur32.dll
[1128/184053.084:ERROR:process_memory_win.cc(73)] ReadMemory at 0x7ff8b3f10000 of 64 bytes failed: Only part of a ReadProcessMemory or WriteProcessMemory request was completed. (0x12B)
[1128/184053.084:WARNING:pe_image_reader.cc(340)] could not read dos header from C:\WINDOWS\SYSTEM32\WINHTTP.dll
[1128/184053.084:ERROR:process_memory_win.cc(73)] ReadMemory at 0x7ff8b8930000 of 64 bytes failed: Only part of a ReadProcessMemory or WriteProcessMemory request was completed. (0x12B)
[1128/184053.084:WARNING:pe_image_reader.cc(340)] could not read dos header from C:\WINDOWS\SYSTEM32\dhcpcsvc.DLL
[1128/184053.084:ERROR:process_memory_win.cc(73)] ReadMemory at 0x7ff8bfb30000 of 64 bytes failed: Only part of a ReadProcessMemory or WriteProcessMemory request was completed. (0x12B)
[1128/184053.084:WARNING:pe_image_reader.cc(340)] could not read dos header from C:\WINDOWS\System32\NSI.dll
[1128/184053.084:ERROR:process_memory_win.cc(73)] ReadMemory at 0x7ff8bb440000 of 64 bytes failed: Only part of a ReadProcessMemory or WriteProcessMemory request was completed. (0x12B)
[1128/184053.084:WARNING:pe_image_reader.cc(340)] could not read dos header from C:\WINDOWS\SYSTEM32\WINMMBASE.dll
[1128/184053.084:ERROR:process_memory_win.cc(73)] ReadMemory at 0x7ff8bddd0000 of 64 bytes failed: Only part of a ReadProcessMemory or WriteProcessMemory request was completed. (0x12B)
[1128/184053.084:WARNING:pe_image_reader.cc(340)] could not read dos header from C:\WINDOWS\System32\cfgmgr32.dll
[1128/184053.085:ERROR:process_memory_win.cc(73)] ReadMemory at 0x7ff8b9680000 of 64 bytes failed: Only part of a ReadProcessMemory or WriteProcessMemory request was completed. (0x12B)
[1128/184053.085:WARNING:pe_image_reader.cc(340)] could not read dos header from C:\WINDOWS\SYSTEM32\PROPSYS.dll
[1128/184053.085:ERROR:process_memory_win.cc(73)] ReadMemory at 0x7ff8bf500000 of 64 bytes failed: Only part of a ReadProcessMemory or WriteProcessMemory request was completed. (0x12B)
[1128/184053.085:WARNING:pe_image_reader.cc(340)] could not read dos header from C:\WINDOWS\System32\shcore.dll
[1128/184053.085:ERROR:process_memory_win.cc(73)] ReadMemory at 0x7ff8bd6d0000 of 64 bytes failed: Only part of a ReadProcessMemory or WriteProcessMemory request was completed. (0x12B)
[1128/184053.085:WARNING:pe_image_reader.cc(340)] could not read dos header from C:\WINDOWS\SYSTEM32\SSPICLI.DLL
[1128/184053.085:ERROR:process_memory_win.cc(73)] ReadMemory at 0x7ff8bf970000 of 64 bytes failed: Only part of a ReadProcessMemory or WriteProcessMemory request was completed. (0x12B)
[1128/184053.085:WARNING:pe_image_reader.cc(340)] could not read dos header from C:\WINDOWS\System32\ole32.dll
[1128/184053.085:ERROR:process_memory_win.cc(73)] ReadMemory at 0x7ff8bf7d0000 of 64 bytes failed: Only part of a ReadProcessMemory or WriteProcessMemory request was completed. (0x12B)
[1128/184053.085:WARNING:pe_image_reader.cc(340)] could not read dos header from C:\WINDOWS\System32\GDI32.dll
[1128/184053.085:ERROR:process_memory_win.cc(73)] ReadMemory at 0x7ff8bd870000 of 64 bytes failed: Only part of a ReadProcessMemory or WriteProcessMemory request was completed. (0x12B)
[1128/184053.085:WARNING:pe_image_reader.cc(340)] could not read dos header from C:\WINDOWS\System32\win32u.dll
[1128/184053.085:ERROR:process_memory_win.cc(73)] ReadMemory at 0x7ff8bde20000 of 64 bytes failed: Only part of a ReadProcessMemory or WriteProcessMemory request was completed. (0x12B)
[1128/184053.085:WARNING:pe_image_reader.cc(340)] could not read dos header from C:\WINDOWS\System32\gdi32full.dll
[1128/184053.085:ERROR:process_memory_win.cc(73)] ReadMemory at 0x2233fb50000 of 64 bytes failed: Only part of a ReadProcessMemory or WriteProcessMemory request was completed. (0x12B)
[1128/184053.086:WARNING:pe_image_reader.cc(340)] could not read dos header from C:\WINDOWS\System32\USER32.dll
[1128/184053.086:ERROR:process_memory_win.cc(73)] ReadMemory at 0x7ff8c04a0000 of 64 bytes failed: Only part of a ReadProcessMemory or WriteProcessMemory request was completed. (0x12B)
[1128/184053.086:WARNING:pe_image_reader.cc(340)] could not read dos header from C:\WINDOWS\System32\IMM32.DLL
[1128/184053.086:ERROR:process_memory_win.cc(73)] ReadMemory at 0x7ff8bd190000 of 64 bytes failed: Only part of a ReadProcessMemory or WriteProcessMemory request was completed. (0x12B)
[1128/184053.086:WARNING:pe_image_reader.cc(340)] could not read dos header from C:\WINDOWS\SYSTEM32\CRYPTBASE.DLL
[1128/184053.372:ERROR:process_memory_win.cc(73)] ReadMemory at 0xbc441e1000 of 126976 bytes failed: Only part of a ReadProcessMemory or WriteProcessMemory request was completed. (0x12B)
[1128/184053.373:ERROR:process_memory_win.cc(73)] ReadMemory at 0xbc449fd000 of 12288 bytes failed: Only part of a ReadProcessMemory or WriteProcessMemory request was completed. (0x12B)
[1128/184053.373:ERROR:process_memory_win.cc(73)] ReadMemory at 0xbc459fc000 of 16384 bytes failed: Only part of a ReadProcessMemory or WriteProcessMemory request was completed. (0x12B)
[1128/184053.373:ERROR:process_memory_win.cc(73)] ReadMemory at 0xbc461fb000 of 20480 bytes failed: Only part of a ReadProcessMemory or WriteProcessMemory request was completed. (0x12B)
[1128/184053.373:ERROR:process_memory_win.cc(73)] ReadMemory at 0xbc469fe000 of 8192 bytes failed: Only part of a ReadProcessMemory or WriteProcessMemory request was completed. (0x12B)
[1128/184053.373:ERROR:process_memory_win.cc(73)] ReadMemory at 0xbc471fd000 of 12288 bytes failed: Only part of a ReadProcessMemory or WriteProcessMemory request was completed. (0x12B)
[1128/184053.374:ERROR:process_memory_win.cc(73)] ReadMemory at 0xbc479fa000 of 24576 bytes failed: Only part of a ReadProcessMemory or WriteProcessMemory request was completed. (0x12B)
[1128/184053.374:ERROR:process_memory_win.cc(73)] ReadMemory at 0xbc489fa000 of 24576 bytes failed: Only part of a ReadProcessMemory or WriteProcessMemory request was completed. (0x12B)
[1128/184053.374:ERROR:process_memory_win.cc(73)] ReadMemory at 0xbc491fa000 of 24576 bytes failed: Only part of a ReadProcessMemory or WriteProcessMemory request was completed. (0x12B)
[1128/184053.374:ERROR:process_memory_win.cc(73)] ReadMemory at 0xbc499fb000 of 20480 bytes failed: Only part of a ReadProcessMemory or WriteProcessMemory request was completed. (0x12B)
[1128/184053.374:ERROR:process_memory_win.cc(73)] ReadMemory at 0xbc4b9fa000 of 24576 bytes failed: Only part of a ReadProcessMemory or WriteProcessMemory request was completed. (0x12B)
[1128/184053.374:ERROR:process_memory_win.cc(73)] ReadMemory at 0xbc4c1ee000 of 73728 bytes failed: Only part of a ReadProcessMemory or WriteProcessMemory request was completed. (0x12B)
[1128/184053.374:ERROR:process_memory_win.cc(73)] ReadMemory at 0xbc4e9fd000 of 12288 bytes failed: Only part of a ReadProcessMemory or WriteProcessMemory request was completed. (0x12B)
[1128/184053.375:ERROR:process_memory_win.cc(73)] ReadMemory at 0xbc4a1fc000 of 16384 bytes failed: Only part of a ReadProcessMemory or WriteProcessMemory request was completed. (0x12B)
[1128/184053.375:ERROR:process_memory_win.cc(73)] ReadMemory at 0xbc451ff000 of 4096 bytes failed: Only part of a ReadProcessMemory or WriteProcessMemory request was completed. (0x12B)
[1128/184053.375:ERROR:process_memory_win.cc(73)] ReadMemory at 0xbc43814000 of 852 bytes failed: Only part of a ReadProcessMemory or WriteProcessMemory request was completed. (0x12B)
[1128/184053.375:ERROR:process_memory_win.cc(73)] ReadMemory at 0xbc43815000 of 6024 bytes failed: Only part of a ReadProcessMemory or WriteProcessMemory request was completed. (0x12B)
[1128/184053.375:ERROR:process_memory_win.cc(73)] ReadMemory at 0xbc43817000 of 6024 bytes failed: Only part of a ReadProcessMemory or WriteProcessMemory request was completed. (0x12B)
[1128/184053.375:ERROR:process_memory_win.cc(73)] ReadMemory at 0xbc4381b000 of 6024 bytes failed: Only part of a ReadProcessMemory or WriteProcessMemory request was completed. (0x12B)
[1128/184053.375:ERROR:process_memory_win.cc(73)] ReadMemory at 0xbc4381d000 of 6024 bytes failed: Only part of a ReadProcessMemory or WriteProcessMemory request was completed. (0x12B)
[1128/184053.375:ERROR:process_memory_win.cc(73)] ReadMemory at 0xbc4381f000 of 6024 bytes failed: Only part of a ReadProcessMemory or WriteProcessMemory request was completed. (0x12B)
[1128/184053.375:ERROR:process_memory_win.cc(73)] ReadMemory at 0xbc43821000 of 6024 bytes failed: Only part of a ReadProcessMemory or WriteProcessMemory request was completed. (0x12B)
[1128/184053.375:ERROR:process_memory_win.cc(73)] ReadMemory at 0xbc43823000 of 6024 bytes failed: Only part of a ReadProcessMemory or WriteProcessMemory request was completed. (0x12B)
[1128/184053.375:ERROR:process_memory_win.cc(73)] ReadMemory at 0xbc43827000 of 6024 bytes failed: Only part of a ReadProcessMemory or WriteProcessMemory request was completed. (0x12B)
[1128/184053.376:ERROR:process_memory_win.cc(73)] ReadMemory at 0xbc43829000 of 6024 bytes failed: Only part of a ReadProcessMemory or WriteProcessMemory request was completed. (0x12B)
[1128/184053.376:ERROR:process_memory_win.cc(73)] ReadMemory at 0xbc4382b000 of 6024 bytes failed: Only part of a ReadProcessMemory or WriteProcessMemory request was completed. (0x12B)
[1128/184053.376:ERROR:process_memory_win.cc(73)] ReadMemory at 0xbc43833000 of 6024 bytes failed: Only part of a ReadProcessMemory or WriteProcessMemory request was completed. (0x12B)
[1128/184053.376:ERROR:process_memory_win.cc(73)] ReadMemory at 0xbc43835000 of 6024 bytes failed: Only part of a ReadProcessMemory or WriteProcessMemory request was completed. (0x12B)
[1128/184053.376:ERROR:process_memory_win.cc(73)] ReadMemory at 0xbc43849000 of 6024 bytes failed: Only part of a ReadProcessMemory or WriteProcessMemory request was completed. (0x12B)
[1128/184053.376:ERROR:process_memory_win.cc(73)] ReadMemory at 0xbc438cd000 of 6024 bytes failed: Only part of a ReadProcessMemory or WriteProcessMemory request was completed. (0x12B)
[1128/184053.376:ERROR:process_memory_win.cc(73)] ReadMemory at 0xbc43903000 of 6024 bytes failed: Only part of a ReadProcessMemory or WriteProcessMemory request was completed. (0x12B)
[1128/184053.376:ERROR:process_memory_win.cc(73)] ReadMemory at 0x2233f540fe0 of 11014 bytes failed: Only part of a ReadProcessMemory or WriteProcessMemory request was completed. (0x12B)
[1128/184053.376:ERROR:process_memory_win.cc(73)] ReadMemory at 0x2233f543af0 of 1012 bytes failed: Only part of a ReadProcessMemory or WriteProcessMemory request was completed. (0x12B)
[1128/184053.376:ERROR:process_memory_win.cc(73)] ReadMemory at 0x2233f544138 of 116 bytes failed: Only part of a ReadProcessMemory or WriteProcessMemory request was completed. (0x12B)
[1128/184053.376:ERROR:process_memory_win.cc(73)] ReadMemory at 0x2233f5441ae of 118 bytes failed: Only part of a ReadProcessMemory or WriteProcessMemory request was completed. (0x12B)
[1128/184053.376:ERROR:process_memory_win.cc(73)] ReadMemory at 0x2233f544226 of 1000 bytes failed: Only part of a ReadProcessMemory or WriteProcessMemory request was completed. (0x12B)
[1128/184053.377:ERROR:process_memory_win.cc(73)] ReadMemory at 0x2233f544610 of 118 bytes failed: Only part of a ReadProcessMemory or WriteProcessMemory request was completed. (0x12B)
[1128/184053.377:ERROR:process_memory_win.cc(73)] ReadMemory at 0x2233f544688 of 96 bytes failed: Only part of a ReadProcessMemory or WriteProcessMemory request was completed. (0x12B)
[1128/184053.377:ERROR:process_memory_win.cc(73)] ReadMemory at 0x2233f544700 of 58 bytes failed: Only part of a ReadProcessMemory or WriteProcessMemory request was completed. (0x12B)
[1128/184053.377:ERROR:process_memory_win.cc(73)] ReadMemory at 0x2233f544880 of 132 bytes failed: Only part of a ReadProcessMemory or WriteProcessMemory request was completed. (0x12B)
[1128/184053.377:ERROR:process_memory_win.cc(73)] ReadMemory at 0x2233f544a10 of 132 bytes failed: Only part of a ReadProcessMemory or WriteProcessMemory request was completed. (0x12B)
[1128/184053.377:ERROR:process_memory_win.cc(73)] ReadMemory at 0x2233f544bd0 of 124 bytes failed: Only part of a ReadProcessMemory or WriteProcessMemory request was completed. (0x12B)
[1128/184053.377:ERROR:process_memory_win.cc(73)] ReadMemory at 0x2233f544ec0 of 132 bytes failed: Only part of a ReadProcessMemory or WriteProcessMemory request was completed. (0x12B)
[1128/184053.377:ERROR:process_memory_win.cc(73)] ReadMemory at 0x2233f5457b0 of 132 bytes failed: Only part of a ReadProcessMemory or WriteProcessMemory request was completed. (0x12B)
[1128/184053.377:ERROR:process_memory_win.cc(73)] ReadMemory at 0x2233f545940 of 64 bytes failed: Only part of a ReadProcessMemory or WriteProcessMemory request was completed. (0x12B)
[1128/184053.377:ERROR:process_memory_win.cc(73)] ReadMemory at 0x2233f545990 of 132 bytes failed: Only part of a ReadProcessMemory or WriteProcessMemory request was completed. (0x12B)
[1128/184053.377:ERROR:process_memory_win.cc(73)] ReadMemory at 0x2233f545da0 of 132 bytes failed: Only part of a ReadProcessMemory or WriteProcessMemory request was completed. (0x12B)
[1128/184053.377:ERROR:process_memory_win.cc(73)] ReadMemory at 0x2233f545f30 of 68 bytes failed: Only part of a ReadProcessMemory or WriteProcessMemory request was completed. (0x12B)
[1128/184053.377:ERROR:process_memory_win.cc(73)] ReadMemory at 0x2233f54c340 of 132 bytes failed: Only part of a ReadProcessMemory or WriteProcessMemory request was completed. (0x12B)
[1128/184053.377:ERROR:process_memory_win.cc(73)] ReadMemory at 0x2233f54c470 of 152 bytes failed: Only part of a ReadProcessMemory or WriteProcessMemory request was completed. (0x12B)
[1128/184053.377:ERROR:process_memory_win.cc(73)] ReadMemory at 0x2233f54cb60 of 60 bytes failed: Only part of a ReadProcessMemory or WriteProcessMemory request was completed. (0x12B)
[1128/184053.377:ERROR:process_memory_win.cc(73)] ReadMemory at 0x2233f54cfc0 of 64 bytes failed: Only part of a ReadProcessMemory or WriteProcessMemory request was completed. (0x12B)
[1128/184053.377:ERROR:process_memory_win.cc(73)] ReadMemory at 0x2233f54d010 of 60 bytes failed: Only part of a ReadProcessMemory or WriteProcessMemory request was completed. (0x12B)
[1128/184053.377:ERROR:process_memory_win.cc(73)] ReadMemory at 0x2233f54d100 of 64 bytes failed: Only part of a ReadProcessMemory or WriteProcessMemory request was completed. (0x12B)
[1128/184053.378:ERROR:process_memory_win.cc(73)] ReadMemory at 0x2233f54d1f0 of 62 bytes failed: Only part of a ReadProcessMemory or WriteProcessMemory request was completed. (0x12B)
[1128/184053.378:ERROR:process_memory_win.cc(73)] ReadMemory at 0x2233f54d240 of 62 bytes failed: Only part of a ReadProcessMemory or WriteProcessMemory request was completed. (0x12B)
[1128/184053.378:ERROR:process_memory_win.cc(73)] ReadMemory at 0x2233f54d6e0 of 132 bytes failed: Only part of a ReadProcessMemory or WriteProcessMemory request was completed. (0x12B)
[1128/184053.378:ERROR:process_memory_win.cc(73)] ReadMemory at 0x2233f54d810 of 156 bytes failed: Only part of a ReadProcessMemory or WriteProcessMemory request was completed. (0x12B)
[1128/184053.378:ERROR:process_memory_win.cc(73)] ReadMemory at 0x2233f5506e0 of 132 bytes failed: Only part of a ReadProcessMemory or WriteProcessMemory request was completed. (0x12B)
[1128/184053.378:ERROR:process_memory_win.cc(73)] ReadMemory at 0x2233f550980 of 80 bytes failed: Only part of a ReadProcessMemory or WriteProcessMemory request was completed. (0x12B)
[1128/184053.378:ERROR:process_memory_win.cc(73)] ReadMemory at 0x2233f552100 of 132 bytes failed: Only part of a ReadProcessMemory or WriteProcessMemory request was completed. (0x12B)
[1128/184053.378:ERROR:process_memory_win.cc(73)] ReadMemory at 0x2233f552a90 of 132 bytes failed: Only part of a ReadProcessMemory or WriteProcessMemory request was completed. (0x12B)
[1128/184053.378:ERROR:process_memory_win.cc(73)] ReadMemory at 0x2233f552c10 of 132 bytes failed: Only part of a ReadProcessMemory or WriteProcessMemory request was completed. (0x12B)
[1128/184053.378:ERROR:process_memory_win.cc(73)] ReadMemory at 0x2233f552d40 of 132 bytes failed: Only part of a ReadProcessMemory or WriteProcessMemory request was completed. (0x12B)
[1128/184053.378:ERROR:process_memory_win.cc(73)] ReadMemory at 0x2233f552e70 of 132 bytes failed: Only part of a ReadProcessMemory or WriteProcessMemory request was completed. (0x12B)
[1128/184053.378:ERROR:process_memory_win.cc(73)] ReadMemory at 0x2233f552fa0 of 132 bytes failed: Only part of a ReadProcessMemory or WriteProcessMemory request was completed. (0x12B)
[1128/184053.378:ERROR:process_memory_win.cc(73)] ReadMemory at 0x2233f5530d0 of 132 bytes failed: Only part of a ReadProcessMemory or WriteProcessMemory request was completed. (0x12B)
[1128/184053.378:ERROR:process_memory_win.cc(73)] ReadMemory at 0x2233f553200 of 132 bytes failed: Only part of a ReadProcessMemory or WriteProcessMemory request was completed. (0x12B)
[1128/184053.378:ERROR:process_memory_win.cc(73)] ReadMemory at 0x2233f553330 of 132 bytes failed: Only part of a ReadProcessMemory or WriteProcessMemory request was completed. (0x12B)
[1128/184053.378:ERROR:process_memory_win.cc(73)] ReadMemory at 0x2233f553590 of 132 bytes failed: Only part of a ReadProcessMemory or WriteProcessMemory request was completed. (0x12B)
[1128/184053.378:ERROR:process_memory_win.cc(73)] ReadMemory at 0x2233f5536c0 of 132 bytes failed: Only part of a ReadProcessMemory or WriteProcessMemory request was completed. (0x12B)
[1128/184053.378:ERROR:process_memory_win.cc(73)] ReadMemory at 0x2233f5537f0 of 132 bytes failed: Only part of a ReadProcessMemory or WriteProcessMemory request was completed. (0x12B)
[1128/184053.379:ERROR:process_memory_win.cc(73)] ReadMemory at 0x2233f553920 of 132 bytes failed: Only part of a ReadProcessMemory or WriteProcessMemory request was completed. (0x12B)
[1128/184053.379:ERROR:process_memory_win.cc(73)] ReadMemory at 0x2233f553a50 of 132 bytes failed: Only part of a ReadProcessMemory or WriteProcessMemory request was completed. (0x12B)
[1128/184053.379:ERROR:process_memory_win.cc(73)] ReadMemory at 0x2233f5552a0 of 66 bytes failed: Only part of a ReadProcessMemory or WriteProcessMemory request was completed. (0x12B)
[1128/184053.379:ERROR:process_memory_win.cc(73)] ReadMemory at 0x2233f5552f0 of 62 bytes failed: Only part of a ReadProcessMemory or WriteProcessMemory request was completed. (0x12B)
[1128/184053.379:ERROR:process_memory_win.cc(73)] ReadMemory at 0x2233f555340 of 64 bytes failed: Only part of a ReadProcessMemory or WriteProcessMemory request was completed. (0x12B)
[1128/184053.379:ERROR:process_memory_win.cc(73)] ReadMemory at 0x2233f555390 of 64 bytes failed: Only part of a ReadProcessMemory or WriteProcessMemory request was completed. (0x12B)
[1128/184053.379:ERROR:process_memory_win.cc(73)] ReadMemory at 0x2233f5554d0 of 64 bytes failed: Only part of a ReadProcessMemory or WriteProcessMemory request was completed. (0x12B)
[1128/184053.379:ERROR:process_memory_win.cc(73)] ReadMemory at 0x2233f555520 of 58 bytes failed: Only part of a ReadProcessMemory or WriteProcessMemory request was completed. (0x12B)
[1128/184053.379:ERROR:process_memory_win.cc(73)] ReadMemory at 0x2233f555570 of 62 bytes failed: Only part of a ReadProcessMemory or WriteProcessMemory request was completed. (0x12B)
[1128/184053.379:ERROR:process_memory_win.cc(73)] ReadMemory at 0x2233f5556b0 of 62 bytes failed: Only part of a ReadProcessMemory or WriteProcessMemory request was completed. (0x12B)
[1128/184053.379:ERROR:process_memory_win.cc(73)] ReadMemory at 0x2233f5557f0 of 64 bytes failed: Only part of a ReadProcessMemory or WriteProcessMemory request was completed. (0x12B)
[1128/184053.379:ERROR:process_memory_win.cc(73)] ReadMemory at 0x2233f555840 of 62 bytes failed: Only part of a ReadProcessMemory or WriteProcessMemory request was completed. (0x12B)
[1128/184053.379:ERROR:process_memory_win.cc(73)] ReadMemory at 0x2233f555890 of 60 bytes failed: Only part of a ReadProcessMemory or WriteProcessMemory request was completed. (0x12B)
[1128/184053.379:ERROR:process_memory_win.cc(73)] ReadMemory at 0x2233f555930 of 62 bytes failed: Only part of a ReadProcessMemory or WriteProcessMemory request was completed. (0x12B)
[1128/184053.379:ERROR:process_memory_win.cc(73)] ReadMemory at 0x2233f555980 of 62 bytes failed: Only part of a ReadProcessMemory or WriteProcessMemory request was completed. (0x12B)
[1128/184053.379:ERROR:process_memory_win.cc(73)] ReadMemory at 0x2233f5559d0 of 60 bytes failed: Only part of a ReadProcessMemory or WriteProcessMemory request was completed. (0x12B)
[1128/184053.379:ERROR:process_memory_win.cc(73)] ReadMemory at 0x2233f555a20 of 62 bytes failed: Only part of a ReadProcessMemory or WriteProcessMemory request was completed. (0x12B)
[1128/184053.380:ERROR:process_memory_win.cc(73)] ReadMemory at 0x2233f555ac0 of 60 bytes failed: Only part of a ReadProcessMemory or WriteProcessMemory request was completed. (0x12B)
[1128/184053.380:ERROR:process_memory_win.cc(73)] ReadMemory at 0x2233f555de0 of 64 bytes failed: Only part of a ReadProcessMemory or WriteProcessMemory request was completed. (0x12B)
[1128/184053.380:ERROR:process_memory_win.cc(73)] ReadMemory at 0x2233f555e80 of 60 bytes failed: Only part of a ReadProcessMemory or WriteProcessMemory request was completed. (0x12B)
[1128/184053.380:ERROR:process_memory_win.cc(73)] ReadMemory at 0x2233f555f20 of 64 bytes failed: Only part of a ReadProcessMemory or WriteProcessMemory request was completed. (0x12B)
[1128/184053.380:ERROR:process_memory_win.cc(73)] ReadMemory at 0x2233f555f70 of 60 bytes failed: Only part of a ReadProcessMemory or WriteProcessMemory request was completed. (0x12B)
[1128/184053.380:ERROR:process_memory_win.cc(73)] ReadMemory at 0x2233f5560b0 of 66 bytes failed: Only part of a ReadProcessMemory or WriteProcessMemory request was completed. (0x12B)
[1128/184053.380:ERROR:process_memory_win.cc(73)] ReadMemory at 0x2233f5561a0 of 62 bytes failed: Only part of a ReadProcessMemory or WriteProcessMemory request was completed. (0x12B)
[1128/184053.380:ERROR:process_memory_win.cc(73)] ReadMemory at 0x2233f5561f0 of 62 bytes failed: Only part of a ReadProcessMemory or WriteProcessMemory request was completed. (0x12B)
[1128/184053.380:ERROR:process_memory_win.cc(73)] ReadMemory at 0x2233f556340 of 132 bytes failed: Only part of a ReadProcessMemory or WriteProcessMemory request was completed. (0x12B)
[1128/184053.380:ERROR:process_memory_win.cc(73)] ReadMemory at 0x2233f557080 of 132 bytes failed: Only part of a ReadProcessMemory or WriteProcessMemory request was completed. (0x12B)
[1128/184053.380:ERROR:process_memory_win.cc(73)] ReadMemory at 0x2233f5571b0 of 132 bytes failed: Only part of a ReadProcessMemory or WriteProcessMemory request was completed. (0x12B)
[1128/184053.380:ERROR:process_memory_win.cc(73)] ReadMemory at 0x2233f558a80 of 132 bytes failed: Only part of a ReadProcessMemory or WriteProcessMemory request was completed. (0x12B)
[1128/184053.380:ERROR:process_memory_win.cc(73)] ReadMemory at 0x2233f559560 of 54 bytes failed: Only part of a ReadProcessMemory or WriteProcessMemory request was completed. (0x12B)
[1128/184053.380:ERROR:process_memory_win.cc(73)] ReadMemory at 0x2233f55cca0 of 76 bytes failed: Only part of a ReadProcessMemory or WriteProcessMemory request was completed. (0x12B)
[1128/184053.380:ERROR:process_memory_win.cc(73)] ReadMemory at 0x2233f55d0d0 of 132 bytes failed: Only part of a ReadProcessMemory or WriteProcessMemory request was completed. (0x12B)
[1128/184053.380:ERROR:process_memory_win.cc(73)] ReadMemory at 0x2233f55d200 of 132 bytes failed: Only part of a ReadProcessMemory or WriteProcessMemory request was completed. (0x12B)
[1128/184053.380:ERROR:process_memory_win.cc(73)] ReadMemory at 0x2233f55d460 of 132 bytes failed: Only part of a ReadProcessMemory or WriteProcessMemory request was completed. (0x12B)
[1128/184053.380:ERROR:process_memory_win.cc(73)] ReadMemory at 0x2233f55d590 of 132 bytes failed: Only part of a ReadProcessMemory or WriteProcessMemory request was completed. (0x12B)
[1128/184053.381:ERROR:process_memory_win.cc(73)] ReadMemory at 0x2233f55d920 of 132 bytes failed: Only part of a ReadProcessMemory or WriteProcessMemory request was completed. (0x12B)
[1128/184053.381:ERROR:process_memory_win.cc(73)] ReadMemory at 0x2233f55db80 of 132 bytes failed: Only part of a ReadProcessMemory or WriteProcessMemory request was completed. (0x12B)
[1128/184053.381:ERROR:process_memory_win.cc(73)] ReadMemory at 0x2233f55df10 of 132 bytes failed: Only part of a ReadProcessMemory or WriteProcessMemory request was completed. (0x12B)
[1128/184053.381:ERROR:process_memory_win.cc(73)] ReadMemory at 0x2233f55e170 of 132 bytes failed: Only part of a ReadProcessMemory or WriteProcessMemory request was completed. (0x12B)
[1128/184053.381:ERROR:process_memory_win.cc(73)] ReadMemory at 0x2233f55e2a0 of 132 bytes failed: Only part of a ReadProcessMemory or WriteProcessMemory request was completed. (0x12B)
[1128/184053.381:ERROR:process_memory_win.cc(73)] ReadMemory at 0x2233f55e3d0 of 132 bytes failed: Only part of a ReadProcessMemory or WriteProcessMemory request was completed. (0x12B)
[1128/184053.381:ERROR:process_memory_win.cc(73)] ReadMemory at 0x2233f55e500 of 132 bytes failed: Only part of a ReadProcessMemory or WriteProcessMemory request was completed. (0x12B)
[1128/184053.381:ERROR:process_memory_win.cc(73)] ReadMemory at 0x2233f55e630 of 132 bytes failed: Only part of a ReadProcessMemory or WriteProcessMemory request was completed. (0x12B)
[1128/184053.381:ERROR:process_memory_win.cc(73)] ReadMemory at 0x2233f55e760 of 132 bytes failed: Only part of a ReadProcessMemory or WriteProcessMemory request was completed. (0x12B)
[1128/184053.381:ERROR:process_memory_win.cc(73)] ReadMemory at 0x2233f55e890 of 132 bytes failed: Only part of a ReadProcessMemory or WriteProcessMemory request was completed. (0x12B)
[1128/184053.381:ERROR:process_memory_win.cc(73)] ReadMemory at 0x2233f55e9c0 of 132 bytes failed: Only part of a ReadProcessMemory or WriteProcessMemory request was completed. (0x12B)
[1128/184053.381:ERROR:process_memory_win.cc(73)] ReadMemory at 0x2233f55eaf0 of 132 bytes failed: Only part of a ReadProcessMemory or WriteProcessMemory request was completed. (0x12B)
[1128/184053.381:ERROR:process_memory_win.cc(73)] ReadMemory at 0x2233f55ec20 of 132 bytes failed: Only part of a ReadProcessMemory or WriteProcessMemory request was completed. (0x12B)
[1128/184053.381:ERROR:process_memory_win.cc(73)] ReadMemory at 0x2233f56d080 of 58 bytes failed: Only part of a ReadProcessMemory or WriteProcessMemory request was completed. (0x12B)
[1128/184053.381:ERROR:process_memory_win.cc(73)] ReadMemory at 0x2233f56d3a0 of 60 bytes failed: Only part of a ReadProcessMemory or WriteProcessMemory request was completed. (0x12B)
[1128/184053.381:ERROR:process_memory_win.cc(73)] ReadMemory at 0x2233f56d3f0 of 66 bytes failed: Only part of a ReadProcessMemory or WriteProcessMemory request was completed. (0x12B)
[1128/184053.381:ERROR:process_memory_win.cc(73)] ReadMemory at 0x2233f56d990 of 58 bytes failed: Only part of a ReadProcessMemory or WriteProcessMemory request was completed. (0x12B)
[1128/184053.381:ERROR:process_memory_win.cc(73)] ReadMemory at 0x2233f56db20 of 60 bytes failed: Only part of a ReadProcessMemory or WriteProcessMemory request was completed. (0x12B)
[1128/184053.382:ERROR:process_memory_win.cc(73)] ReadMemory at 0x2233f56dc10 of 58 bytes failed: Only part of a ReadProcessMemory or WriteProcessMemory request was completed. (0x12B)
[1128/184053.382:ERROR:process_memory_win.cc(73)] ReadMemory at 0x2233f57be10 of 512 bytes failed: Only part of a ReadProcessMemory or WriteProcessMemory request was completed. (0x12B)
[1128/184053.382:ERROR:process_memory_win.cc(73)] ReadMemory at 0x2233f57ca60 of 512 bytes failed: Only part of a ReadProcessMemory or WriteProcessMemory request was completed. (0x12B)
[1128/184053.382:ERROR:process_memory_win.cc(73)] ReadMemory at 0x2233ff00000 of 384 bytes failed: Only part of a ReadProcessMemory or WriteProcessMemory request was completed. (0x12B)
[1128/184053.382:ERROR:process_memory_win.cc(73)] ReadMemory at 0x2233ff44158 of 512 bytes failed: Only part of a ReadProcessMemory or WriteProcessMemory request was completed. (0x12B)
[1128/184053.382:ERROR:process_memory_win.cc(73)] ReadMemory at 0x2233ff463d0 of 512 bytes failed: Only part of a ReadProcessMemory or WriteProcessMemory request was completed. (0x12B)
[1128/184053.382:ERROR:process_memory_win.cc(73)] ReadMemory at 0x2233ff4c280 of 512 bytes failed: Only part of a ReadProcessMemory or WriteProcessMemory request was completed. (0x12B)
[1128/184053.382:ERROR:process_memory_win.cc(73)] ReadMemory at 0x2233ff6ccb0 of 712 bytes failed: Only part of a ReadProcessMemory or WriteProcessMemory request was completed. (0x12B)
[1128/184053.382:ERROR:process_memory_win.cc(73)] ReadMemory at 0x2233ff7c7f8 of 512 bytes failed: Only part of a ReadProcessMemory or WriteProcessMemory request was completed. (0x12B)
[1128/184053.382:ERROR:process_memory_win.cc(73)] ReadMemory at 0x2233ff7ceb8 of 512 bytes failed: Only part of a ReadProcessMemory or WriteProcessMemory request was completed. (0x12B)
[1128/184053.382:ERROR:process_memory_win.cc(73)] ReadMemory at 0x2233ff7d218 of 512 bytes failed: Only part of a ReadProcessMemory or WriteProcessMemory request was completed. (0x12B)
[1128/184053.382:ERROR:process_memory_win.cc(73)] ReadMemory at 0x223425179f0 of 512 bytes failed: Only part of a ReadProcessMemory or WriteProcessMemory request was completed. (0x12B)
[1128/184053.382:ERROR:process_memory_win.cc(73)] ReadMemory at 0x223523390b0 of 512 bytes failed: Only part of a ReadProcessMemory or WriteProcessMemory request was completed. (0x12B)
[1128/184053.382:ERROR:process_memory_win.cc(73)] ReadMemory at 0x2235671eb00 of 512 bytes failed: Only part of a ReadProcessMemory or WriteProcessMemory request was completed. (0x12B)
[1128/184053.382:ERROR:process_memory_win.cc(73)] ReadMemory at 0x2235671eec0 of 512 bytes failed: Only part of a ReadProcessMemory or WriteProcessMemory request was completed. (0x12B)
[1128/184053.382:ERROR:process_memory_win.cc(73)] ReadMemory at 0x2235e74f400 of 512 bytes failed: Only part of a ReadProcessMemory or WriteProcessMemory request was completed. (0x12B)
[1128/184053.382:ERROR:process_memory_win.cc(73)] ReadMemory at 0x2235e9a85f0 of 512 bytes failed: Only part of a ReadProcessMemory or WriteProcessMemory request was completed. (0x12B)
[1128/184053.382:ERROR:process_memory_win.cc(73)] ReadMemory at 0x4f7e4b2f5f40 of 512 bytes failed: Only part of a ReadProcessMemory or WriteProcessMemory request was completed. (0x12B)
[1128/184053.383:ERROR:process_memory_win.cc(73)] ReadMemory at 0x7ff85e1c8b95 of 512 bytes failed: Only part of a ReadProcessMemory or WriteProcessMemory request was completed. (0x12B)
[1128/184053.383:ERROR:process_memory_win.cc(73)] ReadMemory at 0x7ff85f3a2f5a of 512 bytes failed: Only part of a ReadProcessMemory or WriteProcessMemory request was completed. (0x12B)
[1128/184053.383:ERROR:process_memory_win.cc(73)] ReadMemory at 0x7ff86233df5c of 512 bytes failed: Only part of a ReadProcessMemory or WriteProcessMemory request was completed. (0x12B)
[1128/184053.383:ERROR:process_memory_win.cc(73)] ReadMemory at 0x7ff8623f8066 of 512 bytes failed: Only part of a ReadProcessMemory or WriteProcessMemory request was completed. (0x12B)
[1128/184053.383:ERROR:process_memory_win.cc(73)] ReadMemory at 0x7ff8b4347dc5 of 512 bytes failed: Only part of a ReadProcessMemory or WriteProcessMemory request was completed. (0x12B)
[1128/184053.383:ERROR:process_memory_win.cc(73)] ReadMemory at 0x7ff8b43485be of 512 bytes failed: Only part of a ReadProcessMemory or WriteProcessMemory request was completed. (0x12B)
[1128/184053.383:ERROR:process_memory_win.cc(73)] ReadMemory at 0x7ff8c097c0c4 of 672 bytes failed: Only part of a ReadProcessMemory or WriteProcessMemory request was completed. (0x12B)
[1128/184053.383:ERROR:process_memory_win.cc(73)] ReadMemory at 0x7ff8c097f974 of 608 bytes failed: Only part of a ReadProcessMemory or WriteProcessMemory request was completed. (0x12B)
[1128/184053.383:ERROR:process_memory_win.cc(73)] ReadMemory at 0x7ff8c0a0c428 of 18 bytes failed: Only part of a ReadProcessMemory or WriteProcessMemory request was completed. (0x12B)
[1128/184053.383:ERROR:process_memory_win.cc(73)] ReadMemory at 0x7ff8c0a3f4f8 of 40 bytes failed: Only part of a ReadProcessMemory or WriteProcessMemory request was completed. (0x12B)
[1128/184053.383:ERROR:process_memory_win.cc(73)] ReadMemory at 0x7ff8c0a3f978 of 48 bytes failed: Only part of a ReadProcessMemory or WriteProcessMemory request was completed. (0x12B)
[1128/184053.383:ERROR:process_memory_win.cc(73)] ReadMemory at 0x7ff8c0a453c0 of 64 bytes failed: Only part of a ReadProcessMemory or WriteProcessMemory request was completed. (0x12B)
[1128/184057.327:ERROR:scoped_process_suspend.cc(40)] NtResumeProcess: An attempt was made to access an exiting process. (0xc000010a)
